<?xml version="1.0" encoding="UTF-8"?>
<testsuite xmlns:xsi="http://www.w3.org/2001/XMLSchema-instance" xsi:noNamespaceSchemaLocation="https://maven.apache.org/surefire/maven-surefire-plugin/xsd/surefire-test-report.xsd" name="gg.code.AppTest" time="0.043" tests="1" errors="0" skipped="0" failures="0">
  <properties>
    <property name="sun.desktop" value="gnome"/>
    <property name="awt.toolkit" value="sun.awt.X11.XToolkit"/>
    <property name="java.specification.version" value="11"/>
    <property name="sun.cpu.isalist" value=""/>
    <property name="sun.jnu.encoding" value="UTF-8"/>
    <property name="java.class.path" value="/home/guilherme/projects/java/activeMQexec/jms/target/test-classes:/home/guilherme/projects/java/activeMQexec/jms/target/classes:/home/guilherme/.m2/repository/junit/junit/4.11/junit-4.11.jar:/home/guilherme/.m2/repository/org/hamcrest/hamcrest-core/1.3/hamcrest-core-1.3.jar:/home/guilherme/.m2/repository/org/apache/activemq/activemq-broker/5.18.1/activemq-broker-5.18.1.jar:/home/guilherme/.m2/repository/org/apache/activemq/activemq-openwire-legacy/5.18.1/activemq-openwire-legacy-5.18.1.jar:/home/guilherme/.m2/repository/javax/annotation/javax.annotation-api/1.3.2/javax.annotation-api-1.3.2.jar:/home/guilherme/.m2/repository/com/fasterxml/jackson/core/jackson-databind/2.14.2/jackson-databind-2.14.2.jar:/home/guilherme/.m2/repository/com/fasterxml/jackson/core/jackson-annotations/2.14.2/jackson-annotations-2.14.2.jar:/home/guilherme/.m2/repository/com/fasterxml/jackson/core/jackson-core/2.14.2/jackson-core-2.14.2.jar:/home/guilherme/.m2/repository/org/apache/activemq/activemq-kahadb-store/5.18.1/activemq-kahadb-store-5.18.1.jar:/home/guilherme/.m2/repository/org/apache/activemq/protobuf/activemq-protobuf/1.1/activemq-protobuf-1.1.jar:/home/guilherme/.m2/repository/org/apache/activemq/activemq-client/5.18.1/activemq-client-5.18.1.jar:/home/guilherme/.m2/repository/jakarta/jms/jakarta.jms-api/2.0.3/jakarta.jms-api-2.0.3.jar:/home/guilherme/.m2/repository/org/fusesource/hawtbuf/hawtbuf/1.11/hawtbuf-1.11.jar:/home/guilherme/.m2/repository/org/apache/activemq/activeio-core/3.1.4/activeio-core-3.1.4.jar:/home/guilherme/.m2/repository/org/apache/geronimo/specs/geronimo-j2ee-management_1.1_spec/1.0.1/geronimo-j2ee-management_1.1_spec-1.0.1.jar:/home/guilherme/.m2/repository/commons-logging/commons-logging/1.1/commons-logging-1.1.jar:/home/guilherme/.m2/repository/log4j/log4j/1.2.12/log4j-1.2.12.jar:/home/guilherme/.m2/repository/logkit/logkit/1.0.1/logkit-1.0.1.jar:/home/guilherme/.m2/repository/avalon-framework/avalon-framework/4.1.3/avalon-framework-4.1.3.jar:/home/guilherme/.m2/repository/javax/servlet/servlet-api/2.3/servlet-api-2.3.jar:/home/guilherme/.m2/repository/org/slf4j/slf4j-api/2.0.7/slf4j-api-2.0.7.jar:"/>
    <property name="java.vm.vendor" value="Ubuntu"/>
    <property name="sun.arch.data.model" value="64"/>
    <property name="java.vendor.url" value="https://ubuntu.com/"/>
    <property name="user.timezone" value=""/>
    <property name="user.country.format" value="BR"/>
    <property name="java.vm.specification.version" value="11"/>
    <property name="os.name" value="Linux"/>
    <property name="sun.java.launcher" value="SUN_STANDARD"/>
    <property name="user.country" value="US"/>
    <property name="sun.boot.library.path" value="/usr/lib/jvm/java-11-openjdk-amd64/lib"/>
    <property name="sun.java.command" value="/home/guilherme/projects/java/activeMQexec/jms/target/surefire/surefirebooter18203198377026846022.jar /home/guilherme/projects/java/activeMQexec/jms/target/surefire 2023-05-02T21-53-30_242-jvmRun1 surefire10153082287056067599tmp surefire_06096683829214368524tmp"/>
    <property name="jdk.debug" value="release"/>
    <property name="surefire.test.class.path" value="/home/guilherme/projects/java/activeMQexec/jms/target/test-classes:/home/guilherme/projects/java/activeMQexec/jms/target/classes:/home/guilherme/.m2/repository/junit/junit/4.11/junit-4.11.jar:/home/guilherme/.m2/repository/org/hamcrest/hamcrest-core/1.3/hamcrest-core-1.3.jar:/home/guilherme/.m2/repository/org/apache/activemq/activemq-broker/5.18.1/activemq-broker-5.18.1.jar:/home/guilherme/.m2/repository/org/apache/activemq/activemq-openwire-legacy/5.18.1/activemq-openwire-legacy-5.18.1.jar:/home/guilherme/.m2/repository/javax/annotation/javax.annotation-api/1.3.2/javax.annotation-api-1.3.2.jar:/home/guilherme/.m2/repository/com/fasterxml/jackson/core/jackson-databind/2.14.2/jackson-databind-2.14.2.jar:/home/guilherme/.m2/repository/com/fasterxml/jackson/core/jackson-annotations/2.14.2/jackson-annotations-2.14.2.jar:/home/guilherme/.m2/repository/com/fasterxml/jackson/core/jackson-core/2.14.2/jackson-core-2.14.2.jar:/home/guilherme/.m2/repository/org/apache/activemq/activemq-kahadb-store/5.18.1/activemq-kahadb-store-5.18.1.jar:/home/guilherme/.m2/repository/org/apache/activemq/protobuf/activemq-protobuf/1.1/activemq-protobuf-1.1.jar:/home/guilherme/.m2/repository/org/apache/activemq/activemq-client/5.18.1/activemq-client-5.18.1.jar:/home/guilherme/.m2/repository/jakarta/jms/jakarta.jms-api/2.0.3/jakarta.jms-api-2.0.3.jar:/home/guilherme/.m2/repository/org/fusesource/hawtbuf/hawtbuf/1.11/hawtbuf-1.11.jar:/home/guilherme/.m2/repository/org/apache/activemq/activeio-core/3.1.4/activeio-core-3.1.4.jar:/home/guilherme/.m2/repository/org/apache/geronimo/specs/geronimo-j2ee-management_1.1_spec/1.0.1/geronimo-j2ee-management_1.1_spec-1.0.1.jar:/home/guilherme/.m2/repository/commons-logging/commons-logging/1.1/commons-logging-1.1.jar:/home/guilherme/.m2/repository/log4j/log4j/1.2.12/log4j-1.2.12.jar:/home/guilherme/.m2/repository/logkit/logkit/1.0.1/logkit-1.0.1.jar:/home/guilherme/.m2/repository/avalon-framework/avalon-framework/4.1.3/avalon-framework-4.1.3.jar:/home/guilherme/.m2/repository/javax/servlet/servlet-api/2.3/servlet-api-2.3.jar:/home/guilherme/.m2/repository/org/slf4j/slf4j-api/2.0.7/slf4j-api-2.0.7.jar:"/>
    <property name="sun.cpu.endian" value="little"/>
    <property name="user.home" value="/home/guilherme"/>
    <property name="user.language" value="en"/>
    <property name="java.specification.vendor" value="Oracle Corporation"/>
    <property name="java.version.date" value="2023-01-17"/>
    <property name="java.home" value="/usr/lib/jvm/java-11-openjdk-amd64"/>
    <property name="file.separator" value="/"/>
    <property name="basedir" value="/home/guilherme/projects/java/activeMQexec/jms"/>
    <property name="java.vm.compressedOopsMode" value="32-bit"/>
    <property name="line.separator" value="&#10;"/>
    <property name="java.specification.name" value="Java Platform API Specification"/>
    <property name="java.vm.specification.vendor" value="Oracle Corporation"/>
    <property name="java.awt.graphicsenv" value="sun.awt.X11GraphicsEnvironment"/>
    <property name="surefire.real.class.path" value="/home/guilherme/projects/java/activeMQexec/jms/target/surefire/surefirebooter18203198377026846022.jar"/>
    <property name="sun.management.compiler" value="HotSpot 64-Bit Tiered Compilers"/>
    <property name="java.runtime.version" value="11.0.18+10-post-Ubuntu-0ubuntu122.04"/>
    <property name="user.name" value="guilherme"/>
    <property name="path.separator" value=":"/>
    <property name="os.version" value="5.19.0-41-generic"/>
    <property name="java.runtime.name" value="OpenJDK Runtime Environment"/>
    <property name="file.encoding" value="UTF-8"/>
    <property name="java.vm.name" value="OpenJDK 64-Bit Server VM"/>
    <property name="localRepository" value="/home/guilherme/.m2/repository"/>
    <property name="java.vendor.url.bug" value="https://bugs.launchpad.net/ubuntu/+source/openjdk-lts"/>
    <property name="java.io.tmpdir" value="/tmp"/>
    <property name="java.version" value="11.0.18"/>
    <property name="user.dir" value="/home/guilherme/projects/java/activeMQexec/jms"/>
    <property name="os.arch" value="amd64"/>
    <property name="java.vm.specification.name" value="Java Virtual Machine Specification"/>
    <property name="java.awt.printerjob" value="sun.print.PSPrinterJob"/>
    <property name="user.language.format" value="pt"/>
    <property name="sun.os.patch.level" value="unknown"/>
    <property name="java.library.path" value="/usr/java/packages/lib:/usr/lib/x86_64-linux-gnu/jni:/lib/x86_64-linux-gnu:/usr/lib/x86_64-linux-gnu:/usr/lib/jni:/lib:/usr/lib"/>
    <property name="java.vm.info" value="mixed mode, sharing"/>
    <property name="java.vendor" value="Ubuntu"/>
    <property name="java.vm.version" value="11.0.18+10-post-Ubuntu-0ubuntu122.04"/>
    <property name="sun.io.unicode.encoding" value="UnicodeLittle"/>
    <property name="java.class.version" value="55.0"/>
  </properties>
  <testcase name="shouldAnswerWithTrue" classname="gg.code.AppTest" time="0.001"/>
</testsuite>